0 info it worked if it ends with ok
1 verbose cli [ '/opt/node-v4.6.0-linux-x64/bin/node',
1 verbose cli   '/opt/node-v4.6.0-linux-x64/bin/npm',
1 verbose cli   'run',
1 verbose cli   'deploy' ]
2 info using npm@2.15.9
3 info using node@v4.6.0
4 verbose stack Error: missing script: deploy
4 verbose stack     at run (/opt/node-v4.6.0-linux-x64/lib/node_modules/npm/lib/run-script.js:142:19)
4 verbose stack     at /opt/node-v4.6.0-linux-x64/lib/node_modules/npm/lib/run-script.js:58:5
4 verbose stack     at /opt/node-v4.6.0-linux-x64/lib/node_modules/npm/node_modules/read-package-json/read-json.js:356:5
4 verbose stack     at checkBinReferences_ (/opt/node-v4.6.0-linux-x64/lib/node_modules/npm/node_modules/read-package-json/read-json.js:320:45)
4 verbose stack     at final (/opt/node-v4.6.0-linux-x64/lib/node_modules/npm/node_modules/read-package-json/read-json.js:354:3)
4 verbose stack     at then (/opt/node-v4.6.0-linux-x64/lib/node_modules/npm/node_modules/read-package-json/read-json.js:124:5)
4 verbose stack     at ReadFileContext.<anonymous> (/opt/node-v4.6.0-linux-x64/lib/node_modules/npm/node_modules/read-package-json/read-json.js:295:20)
4 verbose stack     at ReadFileContext.callback (/opt/node-v4.6.0-linux-x64/lib/node_modules/npm/node_modules/graceful-fs/graceful-fs.js:78:16)
4 verbose stack     at FSReqWrap.readFileAfterOpen [as oncomplete] (fs.js:303:13)
5 verbose cwd /samba/share/blogstar
6 error Linux 3.10.0-327.el7.x86_64
7 error argv "/opt/node-v4.6.0-linux-x64/bin/node" "/opt/node-v4.6.0-linux-x64/bin/npm" "run" "deploy"
8 error node v4.6.0
9 error npm  v2.15.9
10 error missing script: deploy
11 error If you need help, you may report this error at:
11 error     <https://github.com/npm/npm/issues>
12 verbose exit [ 1, true ]
